2025-06-05 08:57:52 [scrapy.utils.log] INFO: Scrapy 2.11.1 started (bot: friends_scraper)
2025-06-05 08:57:52 [scrapy.utils.log] INFO: Versions: lxml 5.2.1.0, libxml2 2.13.1, cssselect 1.2.0, parsel 1.8.1, w3lib 2.1.2, Twisted 23.10.0, Python 3.12.7 | packaged by Anaconda, Inc. | (main, Oct  4 2024, 13:17:27) [MSC v.1929 64 bit (AMD64)], pyOpenSSL 24.2.1 (OpenSSL 3.0.15 3 Sep 2024), cryptography 43.0.0, Platform Windows-11-10.0.22631-SP0
2025-06-05 08:57:53 [scrapy.addons] INFO: Enabled addons:
[]
2025-06-05 08:57:53 [py.warnings] WARNING: C:\Users\chait\anaconda3\New_Anaconda\Lib\site-packages\scrapy\utils\request.py:254: ScrapyDeprecationWarning: '2.6' is a deprecated value for the 'REQUEST_FINGERPRINTER_IMPLEMENTATION' setting.

It is also the default value. In other words, it is normal to get this warning if you have not defined a value for the 'REQUEST_FINGERPRINTER_IMPLEMENTATION' setting. This is so for backward compatibility reasons, but it will change in a future version of Scrapy.

See the documentation of the 'REQUEST_FINGERPRINTER_IMPLEMENTATION' setting for information on how to handle this deprecation.
  return cls(crawler)

2025-06-05 08:57:53 [scrapy.utils.log] DEBUG: Using reactor: twisted.internet.selectreactor.SelectReactor
2025-06-05 08:57:53 [scrapy.extensions.telnet] INFO: Telnet Password: 4cdc72e9240c2de9
2025-06-05 08:57:53 [scrapy.middleware] INFO: Enabled extensions:
['scrapy.extensions.corestats.CoreStats',
 'scrapy.extensions.telnet.TelnetConsole',
 'scrapy.extensions.logstats.LogStats']
2025-06-05 08:57:53 [scrapy.crawler] INFO: Overridden settings:
{'BOT_NAME': 'friends_scraper',
 'FEED_EXPORT_ENCODING': 'utf-8',
 'NEWSPIDER_MODULE': 'friends_scraper.spiders',
 'ROBOTSTXT_OBEY': True,
 'SPIDER_MODULES': ['friends_scraper.spiders']}
2025-06-05 08:57:54 [scrapy.middleware] INFO: Enabled downloader middlewares:
['scrapy.downloadermiddlewares.robotstxt.RobotsTxtMiddleware',
 'scrapy.downloadermiddlewares.httpauth.HttpAuthMiddleware',
 'scrapy.downloadermiddlewares.downloadtimeout.DownloadTimeoutMiddleware',
 'scrapy.downloadermiddlewares.defaultheaders.DefaultHeadersMiddleware',
 'scrapy.downloadermiddlewares.useragent.UserAgentMiddleware',
 'scrapy.downloadermiddlewares.retry.RetryMiddleware',
 'scrapy.downloadermiddlewares.redirect.MetaRefreshMiddleware',
 'scrapy.downloadermiddlewares.httpcompression.HttpCompressionMiddleware',
 'scrapy.downloadermiddlewares.redirect.RedirectMiddleware',
 'scrapy.downloadermiddlewares.cookies.CookiesMiddleware',
 'scrapy.downloadermiddlewares.httpproxy.HttpProxyMiddleware',
 'scrapy.downloadermiddlewares.stats.DownloaderStats']
2025-06-05 08:57:54 [scrapy.middleware] INFO: Enabled spider middlewares:
['scrapy.spidermiddlewares.httperror.HttpErrorMiddleware',
 'scrapy.spidermiddlewares.offsite.OffsiteMiddleware',
 'scrapy.spidermiddlewares.referer.RefererMiddleware',
 'scrapy.spidermiddlewares.urllength.UrlLengthMiddleware',
 'scrapy.spidermiddlewares.depth.DepthMiddleware']
2025-06-05 08:57:54 [scrapy.middleware] INFO: Enabled item pipelines:
[]
2025-06-05 08:57:54 [scrapy.core.engine] INFO: Spider opened
2025-06-05 08:57:54 [scrapy.extensions.logstats] INFO: Crawled 0 pages (at 0 pages/min), scraped 0 items (at 0 items/min)
2025-06-05 08:57:54 [scrapy.extensions.telnet] INFO: Telnet console listening on 127.0.0.1:6023
2025-06-05 08:57:54 [scrapy.core.engine] DEBUG: Crawled (200) <GET https://www.imdb.com/robots.txt> (referer: None)
2025-06-05 08:57:55 [scrapy.core.engine] DEBUG: Crawled (403) <GET https://www.imdb.com/title/tt0108778/fullcredits> (referer: None)
2025-06-05 08:57:55 [scrapy.spidermiddlewares.httperror] INFO: Ignoring response <403 https://www.imdb.com/title/tt0108778/fullcredits>: HTTP status code is not handled or not allowed
2025-06-05 08:57:55 [scrapy.core.engine] INFO: Closing spider (finished)
2025-06-05 08:57:55 [scrapy.statscollectors] INFO: Dumping Scrapy stats:
{'downloader/request_bytes': 483,
 'downloader/request_count': 2,
 'downloader/request_method_count/GET': 2,
 'downloader/response_bytes': 3982,
 'downloader/response_count': 2,
 'downloader/response_status_count/200': 1,
 'downloader/response_status_count/403': 1,
 'elapsed_time_seconds': 0.334886,
 'finish_reason': 'finished',
 'finish_time': datetime.datetime(2025, 6, 5, 13, 57, 55, 163409, tzinfo=datetime.timezone.utc),
 'httperror/response_ignored_count': 1,
 'httperror/response_ignored_status_count/403': 1,
 'log_count/DEBUG': 3,
 'log_count/INFO': 11,
 'log_count/WARNING': 1,
 'response_received_count': 2,
 'robotstxt/request_count': 1,
 'robotstxt/response_count': 1,
 'robotstxt/response_status_count/200': 1,
 'scheduler/dequeued': 1,
 'scheduler/dequeued/memory': 1,
 'scheduler/enqueued': 1,
 'scheduler/enqueued/memory': 1,
 'start_time': datetime.datetime(2025, 6, 5, 13, 57, 54, 828523, tzinfo=datetime.timezone.utc)}
2025-06-05 08:57:55 [scrapy.core.engine] INFO: Spider closed (finished)
